[Debug mode: 0]
Reading file input/large.z ....Please wait

Printing buffer parameters:

The capacity of the buffer is:  10000
The current size of the buffer is:  3354

Printing buffer contents:


Scanning source file...

Token		Attribute
----------------------------------
KW_T		program
ID_T		LargeStr
SEP_T
KW_T		String
ID_T		myLongSt
ASS_OP_T
STR_T		0	 Lorem ipsum dolor sit amet, consectetur adipiscing elit. Fusce sed laoreet tellus, eu condimentum tellus. Lorem ipsum dolor sit amet, consectetur adipiscing elit. Nunc facilisis felis ex, a elementum ante sollicitudin at. Ut congue orci id scelerisque lacinia. Fusce at augue ante. Integer ultrices, mi et maximus faucibus, orci quam vulputate nisl, et fringilla est nisl nec ex. In eget convallis orci, non pharetra libero. Donec sit amet blandit libero. Donec tincidunt venenatis egestas. Donec eget sodales sapien, vel tristique ligula. Donec at tortor sit amet mi efficitur rutrum. Maecenas ut tellus id quam posuere tempus. Etiam fermentum ullamcorper sapien, vitae elementum ipsum ullamcorper vel. Praesent eu euismod est. Ut dapibus dictum augue, in lacinia massa faucibus non.

Mauris aliquam ac leo a placerat. Nullam dapibus leo enim, sit amet pretium augue suscipit sit amet. Suspendisse placerat pulvinar tincidunt. Duis euismod condimentum blandit. Vestibulum magna enim, hendrerit id enim ac, aliquam interdum dolor. Nunc in mauris vel lorem elementum pharetra a vitae nisi. Mauris id feugiat ex. Aenean volutpat mauris sit amet dictum feugiat. Etiam neque leo, imperdiet ut nunc quis, interdum lobortis urna. In tincidunt efficitur nunc, vitae faucibus sem. Quisque pharetra leo sed interdum fermentum. Mauris elementum ante nec magna interdum, a blandit risus mattis.

Aliquam erat volutpat. Class aptent taciti sociosqu ad litora torquent per conubia nostra, per inceptos himenaeos. Orci varius natoque penatibus et magnis dis parturient montes, nascetur ridiculus mus. Nunc lobortis pretium neque, nec consectetur est pharetra sed. Sed in molestie ante. Integer congue a nisi a condimentum. Donec consectetur dolor ac felis cursus rutrum. Proin bibendum semper posuere.

Aliquam eu dui condimentum, suscipit lectus eu, fermentum dolor. Quisque pretium aliquet porta. In id accumsan arcu, in placerat lectus. Curabitur erat tortor, euismod non risus ac, tristique egestas enim. Donec sodales sagittis arcu, et vehicula nulla ultricies sed. Mauris eget commodo orci. Fusce eleifend mattis leo eget posuere. Phasellus hendrerit id lectus in vulputate. Quisque malesuada in massa id faucibus. Ut at pulvinar erat. In tempus auctor bibendum. Duis felis nunc, condimentum eget consequat nec, ultricies sit amet diam. Quisque feugiat consequat metus sed vestibulum. Sed id nibh pulvinar, pharetra dolor a, ultricies eros. Aliquam erat volutpat.

Nunc ultricies placerat risus a aliquet. Pellentesque commodo libero tellus, eu euismod erat gravida non. Nulla congue arcu et pellentesque ullamcorper. Fusce sit amet arcu egestas, ultricies est ut, euismod eros. Quisque finibus fringilla quam sed fringilla. Sed congue purus sit amet nulla molestie viverra. Nullam sit amet congue mi. In ut urna malesuada, tempus leo in, mollis ligula. Nulla feugiat, lacus et fringilla tempor, est est pulvinar mi, in pharetra orci leo ut augue. Nullam consequat magna at orci tincidunt, nec lobortis urna luctus. Phasellus facilisis ut ligula in finibus. Mauris vehicula, elit in sodales pretium, felis justo maximus nunc, non egestas nisl nunc a odio. Integer nec lacus auctor tellus rhoncus rutrum. Maecenas iaculis, tortor et molestie laoreet, libero elit hendrerit mi, eget euismod nisi urna eu ipsum.
SEP_T
SEP_T
SEOF_T		0	

Printing string table...
----------------------------------

----------------------------------
